<?xml version="1.0" encoding="UTF-8"?>
<!-- Generated by org.testng.reporters.JUnitReportReporter -->
<testsuite hostname="DESKTOP-QEMN8R6" failures="0" tests="1" name="helper.BrokenImage" time="21.797" errors="0" timestamp="2024-03-27T15:22:43 IST" skipped="0">
  <testcase classname="helper.BrokenImage" name="findBrokenImages" time="21.797"/>
</testsuite> <!-- helper.BrokenImage -->
