<?xml version="1.0" encoding="UTF-8"?>
<!-- Generated by org.testng.reporters.JUnitReportReporter -->
<testsuite hostname="DESKTOP-QEMN8R6" failures="0" tests="2" name="helper.AddElement" time="6.215" errors="0" timestamp="2024-03-29T21:01:58 IST" skipped="0">
  <testcase classname="helper.AddElement" name="addElement" time="5.041"/>
  <testcase classname="helper.AddElement" name="deleteElement" time="1.174"/>
</testsuite> <!-- helper.AddElement -->
