<?xml version="1.0" encoding="UTF-8"?>
<!-- Generated by org.testng.reporters.JUnitReportReporter -->
<testsuite hostname="DESKTOP-QEMN8R6" failures="0" tests="1" name="helper.DisappearElement" time="0.890" errors="0" timestamp="2024-03-02T18:30:44 IST" skipped="0">
  <testcase classname="helper.DisappearElement" name="disappearElement" time="0.890"/>
</testsuite> <!-- helper.DisappearElement -->
