<?xml version="1.0" encoding="UTF-8"?>
<!-- Generated by org.testng.reporters.JUnitReportReporter -->
<testsuite hostname="DESKTOP-QEMN8R6" failures="0" tests="1" name="helper.Frame" time="22.592" errors="0" timestamp="2024-03-13T21:12:27 IST" skipped="0">
  <testcase classname="helper.Frame" name="frameOperation" time="22.592"/>
</testsuite> <!-- helper.Frame -->
