<?xml version="1.0" encoding="UTF-8"?>
<!-- Generated by org.testng.reporters.JUnitReportReporter -->
<testsuite hostname="DESKTOP-QEMN8R6" failures="0" tests="1" name="helper.DigestAuthentication" time="5.039" errors="0" timestamp="2024-03-14T18:51:16 IST" skipped="0">
  <testcase classname="helper.DigestAuthentication" name="digestAuth" time="5.039"/>
</testsuite> <!-- helper.DigestAuthentication -->
