<?xml version="1.0" encoding="UTF-8"?>
<!-- Generated by org.testng.reporters.JUnitReportReporter -->
<testsuite hostname="DESKTOP-QEMN8R6" failures="0" tests="1" name="helper.ChallengingDOM" time="8.486" errors="0" timestamp="2024-03-14T11:20:12 IST" skipped="0">
  <testcase classname="helper.ChallengingDOM" name="challengingDOM" time="8.486"/>
</testsuite> <!-- helper.ChallengingDOM -->
