<?xml version="1.0" encoding="UTF-8"?>
<!-- Generated by org.testng.reporters.JUnitReportReporter -->
<testsuite hostname="DESKTOP-QEMN8R6" failures="0" tests="1" name="helper.FormAuth" time="4.425" errors="0" timestamp="2024-03-30T16:52:59 IST" skipped="0">
  <testcase classname="helper.FormAuth" name="formAuth" time="4.425"/>
</testsuite> <!-- helper.FormAuth -->
