<?xml version="1.0" encoding="UTF-8"?>
<!-- Generated by org.testng.reporters.JUnitReportReporter -->
<testsuite hostname="DESKTOP-QEMN8R6" failures="0" tests="1" name="helper.TotalLinks" time="0.046" errors="0" timestamp="2024-03-13T21:30:38 IST" skipped="0">
  <testcase classname="helper.TotalLinks" name="countLinks" time="0.046"/>
</testsuite> <!-- helper.TotalLinks -->
