<?xml version="1.0" encoding="UTF-8"?>
<!-- Generated by org.testng.reporters.JUnitReportReporter -->
<testsuite hostname="DESKTOP-QEMN8R6" failures="0" tests="1" name="helper.RobotClass" time="20.913" errors="0" timestamp="2024-03-29T11:35:57 IST" skipped="0">
  <testcase classname="helper.RobotClass" name="keyEvent" time="20.913"/>
</testsuite> <!-- helper.RobotClass -->
