<?xml version="1.0" encoding="UTF-8"?>
<!-- Generated by org.testng.reporters.JUnitReportReporter -->
<testsuite hostname="DESKTOP-QEMN8R6" failures="0" tests="2" name="helper.ABTesting" time="25.973" errors="0" timestamp="2024-03-27T16:09:37 IST" skipped="0">
  <testcase classname="helper.ABTesting" name="abTesting" time="17.841"/>
  <testcase classname="helper.ABTesting" name="switchToElementalSelenium" time="8.132"/>
</testsuite> <!-- helper.ABTesting -->
