<?xml version="1.0" encoding="UTF-8"?>
<!-- Generated by org.testng.reporters.JUnitReportReporter -->
<testsuite hostname="DESKTOP-QEMN8R6" failures="0" tests="1" name="helper.FloatingMenu" time="0.899" errors="0" timestamp="2024-03-30T14:26:11 IST" skipped="0">
  <testcase classname="helper.FloatingMenu" name="floatingMenu" time="0.899"/>
</testsuite> <!-- helper.FloatingMenu -->
