<?xml version="1.0" encoding="UTF-8"?>
<!-- Generated by org.testng.reporters.JUnitReportReporter -->
<testsuite hostname="DESKTOP-QEMN8R6" failures="0" tests="1" name="helper.DataTables" time="8.959" errors="0" timestamp="2024-03-14T11:29:15 IST" skipped="0">
  <testcase classname="helper.DataTables" name="TC353" time="8.959"/>
</testsuite> <!-- helper.DataTables -->
