<?xml version="1.0" encoding="UTF-8"?>
<!-- Generated by org.testng.reporters.JUnitReportReporter -->
<testsuite hostname="DESKTOP-QEMN8R6" failures="0" tests="1" name="helper.CheckBoxes" time="5.097" errors="0" timestamp="2024-03-27T16:09:37 IST" skipped="0">
  <testcase classname="helper.CheckBoxes" name="validateCheckBox" time="5.097"/>
</testsuite> <!-- helper.CheckBoxes -->
