<?xml version="1.0" encoding="UTF-8"?>
<!-- Generated by org.testng.reporters.JUnitReportReporter -->
<testsuite hostname="DESKTOP-QEMN8R6" failures="0" tests="1" name="helper.NestedFrames" time="20.631" errors="0" timestamp="2024-03-13T21:26:04 IST" skipped="0">
  <testcase classname="helper.NestedFrames" name="frameOperation" time="20.631"/>
</testsuite> <!-- helper.NestedFrames -->
