<?xml version="1.0" encoding="UTF-8"?>
<!-- Generated by org.testng.reporters.JUnitReportReporter -->
<testsuite hostname="DESKTOP-QEMN8R6" failures="0" tests="1" name="helper.AdOns" time="1.026" errors="0" timestamp="2024-03-29T20:31:50 IST" skipped="0">
  <testcase classname="helper.AdOns" name="adOn" time="1.026"/>
</testsuite> <!-- helper.AdOns -->
