<?xml version="1.0" encoding="UTF-8"?>
<!-- Generated by org.testng.reporters.JUnitReportReporter -->
<testsuite hostname="DESKTOP-QEMN8R6" failures="0" tests="1" name="helper.StoreTableToMaps" time="4.192" errors="0" timestamp="2024-03-14T14:49:47 IST" skipped="0">
  <testcase classname="helper.StoreTableToMaps" name="readTable" time="4.192"/>
</testsuite> <!-- helper.StoreTableToMaps -->
