<?xml version="1.0" encoding="UTF-8"?>
<!-- Generated by org.testng.reporters.JUnitReportReporter -->
<testsuite hostname="DESKTOP-QEMN8R6" failures="0" tests="2" name="helper.ABTesting" time="10.237" errors="0" timestamp="2024-03-27T14:35:39 IST" skipped="0">
  <testcase classname="helper.ABTesting" name="abTesting" time="3.009"/>
  <testcase classname="helper.ABTesting" name="switchToElementalSelenium" time="7.228"/>
</testsuite> <!-- helper.ABTesting -->
