<?xml version="1.0" encoding="UTF-8"?>
<!-- Generated by org.testng.reporters.JUnitReportReporter -->
<testsuite hostname="DESKTOP-QEMN8R6" failures="0" tests="1" name="helper.AdOns" time="0.494" errors="0" timestamp="2024-03-30T13:57:11 IST" skipped="0">
  <testcase classname="helper.AdOns" name="adOn" time="0.494"/>
</testsuite> <!-- helper.AdOns -->
