<?xml version="1.0" encoding="UTF-8"?>
<!-- Generated by org.testng.reporters.JUnitReportReporter -->
<testsuite hostname="DESKTOP-QEMN8R6" failures="0" tests="2" name="helper.AddElement" time="8.280" errors="0" timestamp="2024-03-27T16:09:37 IST" skipped="0">
  <testcase classname="helper.AddElement" name="addElement" time="6.978"/>
  <testcase classname="helper.AddElement" name="deleteElement" time="1.302"/>
</testsuite> <!-- helper.AddElement -->
