<?xml version="1.0" encoding="UTF-8"?>
<!-- Generated by org.testng.reporters.JUnitReportReporter -->
<testsuite hostname="DESKTOP-QEMN8R6" failures="0" tests="1" name="helper.BasicAuth" time="7.426" errors="0" timestamp="2024-03-13T12:53:29 IST" skipped="0">
  <testcase classname="helper.BasicAuth" name="basicAuth" time="7.426"/>
</testsuite> <!-- helper.BasicAuth -->
