<?xml version="1.0" encoding="UTF-8"?>
<!-- Generated by org.testng.reporters.JUnitReportReporter -->
<testsuite hostname="DESKTOP-QEMN8R6" failures="0" tests="1" name="helper.ChallengingDOM" time="6.405" errors="0" timestamp="2024-03-02T14:02:20 IST" skipped="0">
  <testcase classname="helper.ChallengingDOM" name="challengingDOM" time="6.405"/>
</testsuite> <!-- helper.ChallengingDOM -->
