<?xml version="1.0" encoding="UTF-8"?>
<!-- Generated by org.testng.reporters.JUnitReportReporter -->
<testsuite hostname="DESKTOP-QEMN8R6" failures="0" tests="2" name="helper.ABTesting" time="10.125" errors="0" timestamp="2024-03-14T16:21:35 IST" skipped="0">
  <testcase classname="helper.ABTesting" name="abTesting" time="5.068"/>
  <testcase classname="helper.ABTesting" name="switchToElementalSelenium" time="5.057"/>
</testsuite> <!-- helper.ABTesting -->
