<?xml version="1.0" encoding="UTF-8"?>
<!-- Generated by org.testng.reporters.JUnitReportReporter -->
<testsuite hostname="DESKTOP-QEMN8R6" failures="0" tests="1" name="helper.Robot" time="0.007" errors="0" timestamp="2024-02-20T18:40:01 IST" skipped="0">
  <testcase classname="helper.Robot" name="keyPress" time="0.007"/>
</testsuite> <!-- helper.Robot -->
