<?xml version="1.0" encoding="UTF-8"?>
<!-- Generated by org.testng.reporters.JUnitReportReporter -->
<testsuite hostname="DESKTOP-QEMN8R6" failures="0" tests="1" name="helper.DigestAuthentication" time="1.086" errors="0" timestamp="2024-03-02T18:11:17 IST" skipped="0">
  <testcase classname="helper.DigestAuthentication" name="digestAuth" time="1.086"/>
</testsuite> <!-- helper.DigestAuthentication -->
