<?xml version="1.0" encoding="UTF-8"?>
<!-- Generated by org.testng.reporters.JUnitReportReporter -->
<testsuite hostname="DESKTOP-QEMN8R6" failures="0" tests="2" name="helper.ContextMenu" time="10.083" errors="0" timestamp="2024-03-13T13:14:39 IST" skipped="0">
  <testcase classname="helper.ContextMenu" name="contextMenuTest" time="5.075"/>
  <testcase classname="helper.ContextMenu" name="contextMenuTest" time="5.008"/>
</testsuite> <!-- helper.ContextMenu -->
