<?xml version="1.0" encoding="UTF-8"?>
<!-- Generated by org.testng.reporters.JUnitReportReporter -->
<testsuite hostname="DESKTOP-QEMN8R6" failures="0" tests="2" name="helper.ABTesting" time="10.077" errors="0" timestamp="2024-02-24T16:04:43 IST" skipped="0">
  <testcase classname="helper.ABTesting" name="abTesting" time="5.048"/>
  <testcase classname="helper.ABTesting" name="switchToElementalSelenium" time="5.029"/>
</testsuite> <!-- helper.ABTesting -->
