<?xml version="1.0" encoding="UTF-8"?>
<!-- Generated by org.testng.reporters.JUnitReportReporter -->
<testsuite hostname="DESKTOP-QEMN8R6" failures="0" tests="1" name="helper.DropDown" time="3.297" errors="0" timestamp="2024-03-30T18:34:54 IST" skipped="0">
  <testcase classname="helper.DropDown" name="dropDown" time="3.297"/>
</testsuite> <!-- helper.DropDown -->
