<?xml version="1.0" encoding="UTF-8"?>
<!-- Generated by org.testng.reporters.JUnitReportReporter -->
<testsuite hostname="DESKTOP-QEMN8R6" failures="0" tests="1" name="helper.DynamicControl" time="7.500" errors="0" timestamp="2024-03-03T12:42:09 IST" skipped="0">
  <testcase classname="helper.DynamicControl" name="dynamicControl" time="7.500"/>
</testsuite> <!-- helper.DynamicControl -->
