<?xml version="1.0" encoding="UTF-8"?>
<!-- Generated by org.testng.reporters.JUnitReportReporter -->
<testsuite hostname="DESKTOP-QEMN8R6" failures="0" tests="2" name="helper.ABTesting" time="16.593" errors="0" timestamp="2024-03-29T20:52:23 IST" skipped="0">
  <testcase classname="helper.ABTesting" name="abTesting" time="3.298"/>
  <testcase classname="helper.ABTesting" name="switchToElementalSelenium" time="13.295"/>
</testsuite> <!-- helper.ABTesting -->
