<?xml version="1.0" encoding="UTF-8"?>
<!-- Generated by org.testng.reporters.JUnitReportReporter -->
<testsuite hostname="DESKTOP-QEMN8R6" failures="0" tests="1" name="helper.BrokenImage" time="9.857" errors="0" timestamp="2024-02-24T16:16:15 IST" skipped="0">
  <testcase classname="helper.BrokenImage" name="findBrokenImages" time="9.857"/>
</testsuite> <!-- helper.BrokenImage -->
