<?xml version="1.0" encoding="UTF-8"?>
<!-- Generated by org.testng.reporters.JUnitReportReporter -->
<testsuite hostname="DESKTOP-QEMN8R6" failures="0" tests="1" name="helper.BasicAuth" time="3.535" errors="0" timestamp="2024-03-27T16:09:37 IST" skipped="0">
  <testcase classname="helper.BasicAuth" name="basicAuth" time="3.535"/>
</testsuite> <!-- helper.BasicAuth -->
