<?xml version="1.0" encoding="UTF-8"?>
<!-- Generated by org.testng.reporters.JUnitReportReporter -->
<testsuite hostname="DESKTOP-QEMN8R6" failures="0" tests="1" name="helper.BrokenImage" time="9.827" errors="0" timestamp="2024-03-14T16:21:35 IST" skipped="0">
  <testcase classname="helper.BrokenImage" name="findBrokenImages" time="9.827"/>
</testsuite> <!-- helper.BrokenImage -->
