<?xml version="1.0" encoding="UTF-8"?>
<!-- Generated by org.testng.reporters.JUnitReportReporter -->
<testsuite hostname="DESKTOP-QEMN8R6" failures="0" tests="1" name="helper.XpathAxes" time="40.489" errors="0" timestamp="2024-03-13T19:01:03 IST" skipped="0">
  <testcase classname="helper.XpathAxes" name="childXpath" time="40.489"/>
</testsuite> <!-- helper.XpathAxes -->
