<?xml version="1.0" encoding="UTF-8"?>
<!-- Generated by org.testng.reporters.JUnitReportReporter -->
<testsuite hostname="DESKTOP-QEMN8R6" failures="0" tests="2" name="helper.AddElement" time="15.382" errors="0" timestamp="2024-03-14T16:21:35 IST" skipped="0">
  <testcase classname="helper.AddElement" name="addElement" time="14.203"/>
  <testcase classname="helper.AddElement" name="deleteElement" time="1.179"/>
</testsuite> <!-- helper.AddElement -->
