<?xml version="1.0" encoding="UTF-8"?>
<!-- Generated by org.testng.reporters.JUnitReportReporter -->
<testsuite hostname="DESKTOP-QEMN8R6" failures="0" tests="1" name="helper.ContextMenu" time="11.332" errors="0" timestamp="2024-03-02T16:56:47 IST" skipped="0">
  <testcase classname="helper.ContextMenu" name="contextMenuTest" time="11.332"/>
</testsuite> <!-- helper.ContextMenu -->
