<?xml version="1.0" encoding="UTF-8"?>
<!-- Generated by org.testng.reporters.JUnitReportReporter -->
<testsuite hostname="DESKTOP-QEMN8R6" failures="0" tests="1" name="helper.CheckBoxes" time="0.584" errors="0" timestamp="2024-03-02T16:55:32 IST" skipped="0">
  <testcase classname="helper.CheckBoxes" name="validateCheckBox" time="0.584"/>
</testsuite> <!-- helper.CheckBoxes -->
