<?xml version="1.0" encoding="UTF-8"?>
<!-- Generated by org.testng.reporters.JUnitReportReporter -->
<testsuite hostname="DESKTOP-QEMN8R6" failures="0" tests="1" name="helper.DropDown1" time="3.368" errors="0" timestamp="2024-03-28T20:11:38 IST" skipped="0">
  <testcase classname="helper.DropDown1" name="dropDown" time="3.368"/>
</testsuite> <!-- helper.DropDown1 -->
