<?xml version="1.0" encoding="UTF-8"?>
<!-- Generated by org.testng.reporters.JUnitReportReporter -->
<testsuite hostname="DESKTOP-QEMN8R6" failures="0" tests="1" name="helper.BasicAuth" time="2.224" errors="0" timestamp="2024-03-10T16:25:55 IST" skipped="0">
  <testcase classname="helper.BasicAuth" name="basicAuth" time="2.224"/>
</testsuite> <!-- helper.BasicAuth -->
